2025-09-30 20:31:05 | INFO | {'message': 'I just found a story! It was weird.', 'author': 'Bob', 'timestamp': '2025-09-30 20:31:05', 'category': 'other', 'sentiment': 0.3, 'keyword_mentioned': 'other', 'message_length': 35}
2025-09-30 20:31:06 | INFO | Processed message: {'message': 'I just found a story! It was weird.', 'author': 'Bob', 'timestamp': '2025-09-30 20:31:05', 'category': 'other', 'sentiment': 0.3, 'keyword_mentioned': None, 'message_length': 35}
2025-09-30 20:31:06 | INFO | Calling SQLite insert_message() with:
2025-09-30 20:31:06 | INFO | message={'message': 'I just found a story! It was weird.', 'author': 'Bob', 'timestamp': '2025-09-30 20:31:05', 'category': 'other', 'sentiment': 0.3, 'keyword_mentioned': None, 'message_length': 35}
2025-09-30 20:31:06 | INFO | db_path=WindowsPath('C:/Users/USER/Documents/44671 Streaming Data/buzzline-05-mcruz/data/buzz.sqlite')
2025-09-30 20:31:06 | INFO | Inserted one message into the database.
2025-09-30 20:31:10 | INFO | {'message': 'I just found a story! It was funny.', 'author': 'Bob', 'timestamp': '2025-09-30 20:31:10', 'category': 'other', 'sentiment': 0.92, 'keyword_mentioned': 'other', 'message_length': 35}
2025-09-30 20:31:11 | INFO | Processed message: {'message': 'I just found a story! It was funny.', 'author': 'Bob', 'timestamp': '2025-09-30 20:31:10', 'category': 'other', 'sentiment': 0.92, 'keyword_mentioned': None, 'message_length': 35}
2025-09-30 20:31:11 | INFO | Calling SQLite insert_message() with:
2025-09-30 20:31:11 | INFO | message={'message': 'I just found a story! It was funny.', 'author': 'Bob', 'timestamp': '2025-09-30 20:31:10', 'category': 'other', 'sentiment': 0.92, 'keyword_mentioned': None, 'message_length': 35}
2025-09-30 20:31:11 | INFO | db_path=WindowsPath('C:/Users/USER/Documents/44671 Streaming Data/buzzline-05-mcruz/data/buzz.sqlite')
2025-09-30 20:31:11 | INFO | Inserted one message into the database.
2025-09-30 20:31:15 | INFO | {'message': 'I just saw a story! It was weird.', 'author': 'Charlie', 'timestamp': '2025-09-30 20:31:15', 'category': 'other', 'sentiment': 0.93, 'keyword_mentioned': 'other', 'message_length': 33}
2025-09-30 20:31:16 | INFO | Processed message: {'message': 'I just saw a story! It was weird.', 'author': 'Charlie', 'timestamp': '2025-09-30 20:31:15', 'category': 'other', 'sentiment': 0.93, 'keyword_mentioned': None, 'message_length': 33}
2025-09-30 20:31:16 | INFO | Calling SQLite insert_message() with:
2025-09-30 20:31:16 | INFO | message={'message': 'I just saw a story! It was weird.', 'author': 'Charlie', 'timestamp': '2025-09-30 20:31:15', 'category': 'other', 'sentiment': 0.93, 'keyword_mentioned': None, 'message_length': 33}
2025-09-30 20:31:16 | INFO | db_path=WindowsPath('C:/Users/USER/Documents/44671 Streaming Data/buzzline-05-mcruz/data/buzz.sqlite')
2025-09-30 20:31:16 | INFO | Inserted one message into the database.
2025-09-30 20:31:20 | INFO | {'message': 'I just shared a story! It was amazing.', 'author': 'Charlie', 'timestamp': '2025-09-30 20:31:20', 'category': 'other', 'sentiment': 0.85, 'keyword_mentioned': 'other', 'message_length': 38}
2025-09-30 20:31:21 | INFO | Processed message: {'message': 'I just shared a story! It was amazing.', 'author': 'Charlie', 'timestamp': '2025-09-30 20:31:20', 'category': 'other', 'sentiment': 0.85, 'keyword_mentioned': None, 'message_length': 38}
2025-09-30 20:31:21 | INFO | Calling SQLite insert_message() with:
2025-09-30 20:31:21 | INFO | message={'message': 'I just shared a story! It was amazing.', 'author': 'Charlie', 'timestamp': '2025-09-30 20:31:20', 'category': 'other', 'sentiment': 0.85, 'keyword_mentioned': None, 'message_length': 38}
2025-09-30 20:31:21 | INFO | db_path=WindowsPath('C:/Users/USER/Documents/44671 Streaming Data/buzzline-05-mcruz/data/buzz.sqlite')
2025-09-30 20:31:21 | INFO | Inserted one message into the database.
2025-09-30 20:31:25 | INFO | {'message': 'I just shared recipe! It was funny.', 'author': 'Alice', 'timestamp': '2025-09-30 20:31:25', 'category': 'food', 'sentiment': 0.39, 'keyword_mentioned': 'recipe', 'message_length': 35}
2025-09-30 20:31:26 | INFO | Processed message: {'message': 'I just shared recipe! It was funny.', 'author': 'Alice', 'timestamp': '2025-09-30 20:31:25', 'category': 'food', 'sentiment': 0.39, 'keyword_mentioned': 'recipe', 'message_length': 35}
2025-09-30 20:31:26 | INFO | Calling SQLite insert_message() with:
2025-09-30 20:31:26 | INFO | message={'message': 'I just shared recipe! It was funny.', 'author': 'Alice', 'timestamp': '2025-09-30 20:31:25', 'category': 'food', 'sentiment': 0.39, 'keyword_mentioned': 'recipe', 'message_length': 35}
2025-09-30 20:31:26 | INFO | db_path=WindowsPath('C:/Users/USER/Documents/44671 Streaming Data/buzzline-05-mcruz/data/buzz.sqlite')
2025-09-30 20:31:26 | INFO | Inserted one message into the database.
2025-09-30 20:31:30 | INFO | {'message': 'I just loved an app! It was boring.', 'author': 'Alice', 'timestamp': '2025-09-30 20:31:30', 'category': 'other', 'sentiment': 0.94, 'keyword_mentioned': 'other', 'message_length': 35}
2025-09-30 20:31:31 | INFO | Processed message: {'message': 'I just loved an app! It was boring.', 'author': 'Alice', 'timestamp': '2025-09-30 20:31:30', 'category': 'other', 'sentiment': 0.94, 'keyword_mentioned': None, 'message_length': 35}
2025-09-30 20:31:31 | INFO | Calling SQLite insert_message() with:
2025-09-30 20:31:31 | INFO | message={'message': 'I just loved an app! It was boring.', 'author': 'Alice', 'timestamp': '2025-09-30 20:31:30', 'category': 'other', 'sentiment': 0.94, 'keyword_mentioned': None, 'message_length': 35}
2025-09-30 20:31:31 | INFO | db_path=WindowsPath('C:/Users/USER/Documents/44671 Streaming Data/buzzline-05-mcruz/data/buzz.sqlite')
2025-09-30 20:31:31 | INFO | Inserted one message into the database.
2025-09-30 20:31:35 | INFO | {'message': 'I just saw a meme! It was exciting.', 'author': 'Bob', 'timestamp': '2025-09-30 20:31:35', 'category': 'humor', 'sentiment': 0.79, 'keyword_mentioned': 'meme', 'message_length': 35}
2025-09-30 20:31:36 | INFO | Processed message: {'message': 'I just saw a meme! It was exciting.', 'author': 'Bob', 'timestamp': '2025-09-30 20:31:35', 'category': 'humor', 'sentiment': 0.79, 'keyword_mentioned': None, 'message_length': 35}
2025-09-30 20:31:36 | INFO | Calling SQLite insert_message() with:
2025-09-30 20:31:36 | INFO | message={'message': 'I just saw a meme! It was exciting.', 'author': 'Bob', 'timestamp': '2025-09-30 20:31:35', 'category': 'humor', 'sentiment': 0.79, 'keyword_mentioned': None, 'message_length': 35}
2025-09-30 20:31:36 | INFO | db_path=WindowsPath('C:/Users/USER/Documents/44671 Streaming Data/buzzline-05-mcruz/data/buzz.sqlite')
2025-09-30 20:31:36 | INFO | Inserted one message into the database.
2025-09-30 20:31:40 | INFO | {'message': 'I just tried travel! It was weird.', 'author': 'Bob', 'timestamp': '2025-09-30 20:31:40', 'category': 'travel', 'sentiment': 0.89, 'keyword_mentioned': 'travel', 'message_length': 34}
2025-09-30 20:31:41 | INFO | Processed message: {'message': 'I just tried travel! It was weird.', 'author': 'Bob', 'timestamp': '2025-09-30 20:31:40', 'category': 'travel', 'sentiment': 0.89, 'keyword_mentioned': 'travel', 'message_length': 34}
2025-09-30 20:31:41 | INFO | Calling SQLite insert_message() with:
2025-09-30 20:31:41 | INFO | message={'message': 'I just tried travel! It was weird.', 'author': 'Bob', 'timestamp': '2025-09-30 20:31:40', 'category': 'travel', 'sentiment': 0.89, 'keyword_mentioned': 'travel', 'message_length': 34}
2025-09-30 20:31:41 | INFO | db_path=WindowsPath('C:/Users/USER/Documents/44671 Streaming Data/buzzline-05-mcruz/data/buzz.sqlite')
2025-09-30 20:31:41 | INFO | Inserted one message into the database.
2025-09-30 20:31:45 | INFO | {'message': 'I just found a movie! It was exciting.', 'author': 'Bob', 'timestamp': '2025-09-30 20:31:45', 'category': 'entertainment', 'sentiment': 0.27, 'keyword_mentioned': 'movie', 'message_length': 38}
2025-09-30 20:31:46 | INFO | Processed message: {'message': 'I just found a movie! It was exciting.', 'author': 'Bob', 'timestamp': '2025-09-30 20:31:45', 'category': 'entertainment', 'sentiment': 0.27, 'keyword_mentioned': None, 'message_length': 38}
2025-09-30 20:31:46 | INFO | Calling SQLite insert_message() with:
2025-09-30 20:31:46 | INFO | message={'message': 'I just found a movie! It was exciting.', 'author': 'Bob', 'timestamp': '2025-09-30 20:31:45', 'category': 'entertainment', 'sentiment': 0.27, 'keyword_mentioned': None, 'message_length': 38}
2025-09-30 20:31:46 | INFO | db_path=WindowsPath('C:/Users/USER/Documents/44671 Streaming Data/buzzline-05-mcruz/data/buzz.sqlite')
2025-09-30 20:31:46 | INFO | Inserted one message into the database.
2025-09-30 20:31:50 | INFO | {'message': 'I just tried recipe! It was funny.', 'author': 'Bob', 'timestamp': '2025-09-30 20:31:50', 'category': 'food', 'sentiment': 0.5, 'keyword_mentioned': 'recipe', 'message_length': 34}
2025-09-30 20:31:51 | INFO | Processed message: {'message': 'I just tried recipe! It was funny.', 'author': 'Bob', 'timestamp': '2025-09-30 20:31:50', 'category': 'food', 'sentiment': 0.5, 'keyword_mentioned': 'recipe', 'message_length': 34}
2025-09-30 20:31:51 | INFO | Calling SQLite insert_message() with:
2025-09-30 20:31:51 | INFO | message={'message': 'I just tried recipe! It was funny.', 'author': 'Bob', 'timestamp': '2025-09-30 20:31:50', 'category': 'food', 'sentiment': 0.5, 'keyword_mentioned': 'recipe', 'message_length': 34}
2025-09-30 20:31:51 | INFO | db_path=WindowsPath('C:/Users/USER/Documents/44671 Streaming Data/buzzline-05-mcruz/data/buzz.sqlite')
2025-09-30 20:31:51 | INFO | Inserted one message into the database.
2025-09-30 20:31:55 | INFO | {'message': 'I just loved travel! It was weird.', 'author': 'Alice', 'timestamp': '2025-09-30 20:31:55', 'category': 'travel', 'sentiment': 0.33, 'keyword_mentioned': 'travel', 'message_length': 34}
2025-09-30 20:31:56 | INFO | Processed message: {'message': 'I just loved travel! It was weird.', 'author': 'Alice', 'timestamp': '2025-09-30 20:31:55', 'category': 'travel', 'sentiment': 0.33, 'keyword_mentioned': 'travel', 'message_length': 34}
2025-09-30 20:31:56 | INFO | Calling SQLite insert_message() with:
2025-09-30 20:31:56 | INFO | message={'message': 'I just loved travel! It was weird.', 'author': 'Alice', 'timestamp': '2025-09-30 20:31:55', 'category': 'travel', 'sentiment': 0.33, 'keyword_mentioned': 'travel', 'message_length': 34}
2025-09-30 20:31:56 | INFO | db_path=WindowsPath('C:/Users/USER/Documents/44671 Streaming Data/buzzline-05-mcruz/data/buzz.sqlite')
2025-09-30 20:31:56 | INFO | Inserted one message into the database.
2025-09-30 20:32:00 | INFO | {'message': 'I just loved recipe! It was weird.', 'author': 'Alice', 'timestamp': '2025-09-30 20:32:00', 'category': 'food', 'sentiment': 0.57, 'keyword_mentioned': 'recipe', 'message_length': 34}
2025-09-30 20:32:01 | INFO | Processed message: {'message': 'I just loved recipe! It was weird.', 'author': 'Alice', 'timestamp': '2025-09-30 20:32:00', 'category': 'food', 'sentiment': 0.57, 'keyword_mentioned': 'recipe', 'message_length': 34}
2025-09-30 20:32:01 | INFO | Calling SQLite insert_message() with:
2025-09-30 20:32:01 | INFO | message={'message': 'I just loved recipe! It was weird.', 'author': 'Alice', 'timestamp': '2025-09-30 20:32:00', 'category': 'food', 'sentiment': 0.57, 'keyword_mentioned': 'recipe', 'message_length': 34}
2025-09-30 20:32:01 | INFO | db_path=WindowsPath('C:/Users/USER/Documents/44671 Streaming Data/buzzline-05-mcruz/data/buzz.sqlite')
2025-09-30 20:32:01 | INFO | Inserted one message into the database.
2025-09-30 20:32:05 | INFO | {'message': 'I just shared a story! It was amazing.', 'author': 'Charlie', 'timestamp': '2025-09-30 20:32:05', 'category': 'other', 'sentiment': 0.62, 'keyword_mentioned': 'other', 'message_length': 38}
2025-09-30 20:32:06 | INFO | Processed message: {'message': 'I just shared a story! It was amazing.', 'author': 'Charlie', 'timestamp': '2025-09-30 20:32:05', 'category': 'other', 'sentiment': 0.62, 'keyword_mentioned': None, 'message_length': 38}
2025-09-30 20:32:06 | INFO | Calling SQLite insert_message() with:
2025-09-30 20:32:06 | INFO | message={'message': 'I just shared a story! It was amazing.', 'author': 'Charlie', 'timestamp': '2025-09-30 20:32:05', 'category': 'other', 'sentiment': 0.62, 'keyword_mentioned': None, 'message_length': 38}
2025-09-30 20:32:06 | INFO | db_path=WindowsPath('C:/Users/USER/Documents/44671 Streaming Data/buzzline-05-mcruz/data/buzz.sqlite')
2025-09-30 20:32:06 | INFO | Inserted one message into the database.
2025-09-30 20:32:10 | INFO | {'message': 'I just loved game! It was exciting.', 'author': 'Charlie', 'timestamp': '2025-09-30 20:32:10', 'category': 'gaming', 'sentiment': 0.96, 'keyword_mentioned': 'game', 'message_length': 35}
2025-09-30 20:32:12 | INFO | Processed message: {'message': 'I just loved game! It was exciting.', 'author': 'Charlie', 'timestamp': '2025-09-30 20:32:10', 'category': 'gaming', 'sentiment': 0.96, 'keyword_mentioned': None, 'message_length': 35}
2025-09-30 20:32:12 | INFO | Calling SQLite insert_message() with:
2025-09-30 20:32:12 | INFO | message={'message': 'I just loved game! It was exciting.', 'author': 'Charlie', 'timestamp': '2025-09-30 20:32:10', 'category': 'gaming', 'sentiment': 0.96, 'keyword_mentioned': None, 'message_length': 35}
2025-09-30 20:32:12 | INFO | db_path=WindowsPath('C:/Users/USER/Documents/44671 Streaming Data/buzzline-05-mcruz/data/buzz.sqlite')
2025-09-30 20:32:12 | INFO | Inserted one message into the database.
2025-09-30 20:32:15 | INFO | {'message': 'I just found a meme! It was funny.', 'author': 'Alice', 'timestamp': '2025-09-30 20:32:15', 'category': 'humor', 'sentiment': 0.07, 'keyword_mentioned': 'meme', 'message_length': 34}
2025-09-30 20:32:17 | INFO | Processed message: {'message': 'I just found a meme! It was funny.', 'author': 'Alice', 'timestamp': '2025-09-30 20:32:15', 'category': 'humor', 'sentiment': 0.07, 'keyword_mentioned': None, 'message_length': 34}
2025-09-30 20:32:17 | INFO | Calling SQLite insert_message() with:
2025-09-30 20:32:17 | INFO | message={'message': 'I just found a meme! It was funny.', 'author': 'Alice', 'timestamp': '2025-09-30 20:32:15', 'category': 'humor', 'sentiment': 0.07, 'keyword_mentioned': None, 'message_length': 34}
2025-09-30 20:32:17 | INFO | db_path=WindowsPath('C:/Users/USER/Documents/44671 Streaming Data/buzzline-05-mcruz/data/buzz.sqlite')
2025-09-30 20:32:17 | INFO | Inserted one message into the database.
2025-09-30 20:32:20 | INFO | {'message': 'I just loved travel! It was amazing.', 'author': 'Bob', 'timestamp': '2025-09-30 20:32:20', 'category': 'travel', 'sentiment': 0.87, 'keyword_mentioned': 'travel', 'message_length': 36}
2025-09-30 20:32:22 | INFO | Processed message: {'message': 'I just loved travel! It was amazing.', 'author': 'Bob', 'timestamp': '2025-09-30 20:32:20', 'category': 'travel', 'sentiment': 0.87, 'keyword_mentioned': 'travel', 'message_length': 36}
2025-09-30 20:32:22 | INFO | Calling SQLite insert_message() with:
2025-09-30 20:32:22 | INFO | message={'message': 'I just loved travel! It was amazing.', 'author': 'Bob', 'timestamp': '2025-09-30 20:32:20', 'category': 'travel', 'sentiment': 0.87, 'keyword_mentioned': 'travel', 'message_length': 36}
2025-09-30 20:32:22 | INFO | db_path=WindowsPath('C:/Users/USER/Documents/44671 Streaming Data/buzzline-05-mcruz/data/buzz.sqlite')
2025-09-30 20:32:22 | INFO | Inserted one message into the database.
2025-09-30 20:32:25 | INFO | {'message': 'I just loved a story! It was boring.', 'author': 'Bob', 'timestamp': '2025-09-30 20:32:25', 'category': 'other', 'sentiment': 0.53, 'keyword_mentioned': 'other', 'message_length': 36}
2025-09-30 20:32:27 | INFO | Processed message: {'message': 'I just loved a story! It was boring.', 'author': 'Bob', 'timestamp': '2025-09-30 20:32:25', 'category': 'other', 'sentiment': 0.53, 'keyword_mentioned': None, 'message_length': 36}
2025-09-30 20:32:27 | INFO | Calling SQLite insert_message() with:
2025-09-30 20:32:27 | INFO | message={'message': 'I just loved a story! It was boring.', 'author': 'Bob', 'timestamp': '2025-09-30 20:32:25', 'category': 'other', 'sentiment': 0.53, 'keyword_mentioned': None, 'message_length': 36}
2025-09-30 20:32:27 | INFO | db_path=WindowsPath('C:/Users/USER/Documents/44671 Streaming Data/buzzline-05-mcruz/data/buzz.sqlite')
2025-09-30 20:32:27 | INFO | Inserted one message into the database.
2025-09-30 20:32:30 | INFO | {'message': 'I just loved recipe! It was weird.', 'author': 'Alice', 'timestamp': '2025-09-30 20:32:30', 'category': 'food', 'sentiment': 0.43, 'keyword_mentioned': 'recipe', 'message_length': 34}
2025-09-30 20:32:32 | INFO | Processed message: {'message': 'I just loved recipe! It was weird.', 'author': 'Alice', 'timestamp': '2025-09-30 20:32:30', 'category': 'food', 'sentiment': 0.43, 'keyword_mentioned': 'recipe', 'message_length': 34}
2025-09-30 20:32:32 | INFO | Calling SQLite insert_message() with:
2025-09-30 20:32:32 | INFO | message={'message': 'I just loved recipe! It was weird.', 'author': 'Alice', 'timestamp': '2025-09-30 20:32:30', 'category': 'food', 'sentiment': 0.43, 'keyword_mentioned': 'recipe', 'message_length': 34}
2025-09-30 20:32:32 | INFO | db_path=WindowsPath('C:/Users/USER/Documents/44671 Streaming Data/buzzline-05-mcruz/data/buzz.sqlite')
2025-09-30 20:32:32 | INFO | Inserted one message into the database.
2025-09-30 20:32:35 | INFO | {'message': 'I just shared a movie! It was amazing.', 'author': 'Eve', 'timestamp': '2025-09-30 20:32:35', 'category': 'entertainment', 'sentiment': 0.55, 'keyword_mentioned': 'movie', 'message_length': 38}
2025-09-30 20:32:37 | INFO | Processed message: {'message': 'I just shared a movie! It was amazing.', 'author': 'Eve', 'timestamp': '2025-09-30 20:32:35', 'category': 'entertainment', 'sentiment': 0.55, 'keyword_mentioned': None, 'message_length': 38}
2025-09-30 20:32:37 | INFO | Calling SQLite insert_message() with:
2025-09-30 20:32:37 | INFO | message={'message': 'I just shared a movie! It was amazing.', 'author': 'Eve', 'timestamp': '2025-09-30 20:32:35', 'category': 'entertainment', 'sentiment': 0.55, 'keyword_mentioned': None, 'message_length': 38}
2025-09-30 20:32:37 | INFO | db_path=WindowsPath('C:/Users/USER/Documents/44671 Streaming Data/buzzline-05-mcruz/data/buzz.sqlite')
2025-09-30 20:32:37 | INFO | Inserted one message into the database.
2025-09-30 20:32:40 | INFO | {'message': 'I just saw a story! It was boring.', 'author': 'Eve', 'timestamp': '2025-09-30 20:32:40', 'category': 'other', 'sentiment': 0.64, 'keyword_mentioned': 'other', 'message_length': 34}
2025-09-30 20:32:42 | INFO | Processed message: {'message': 'I just saw a story! It was boring.', 'author': 'Eve', 'timestamp': '2025-09-30 20:32:40', 'category': 'other', 'sentiment': 0.64, 'keyword_mentioned': None, 'message_length': 34}
2025-09-30 20:32:42 | INFO | Calling SQLite insert_message() with:
2025-09-30 20:32:42 | INFO | message={'message': 'I just saw a story! It was boring.', 'author': 'Eve', 'timestamp': '2025-09-30 20:32:40', 'category': 'other', 'sentiment': 0.64, 'keyword_mentioned': None, 'message_length': 34}
2025-09-30 20:32:42 | INFO | db_path=WindowsPath('C:/Users/USER/Documents/44671 Streaming Data/buzzline-05-mcruz/data/buzz.sqlite')
2025-09-30 20:32:42 | INFO | Inserted one message into the database.
2025-09-30 20:32:45 | INFO | {'message': 'I just shared a trick! It was exciting.', 'author': 'Alice', 'timestamp': '2025-09-30 20:32:45', 'category': 'other', 'sentiment': 0.75, 'keyword_mentioned': 'other', 'message_length': 39}
2025-09-30 20:32:47 | INFO | Processed message: {'message': 'I just shared a trick! It was exciting.', 'author': 'Alice', 'timestamp': '2025-09-30 20:32:45', 'category': 'other', 'sentiment': 0.75, 'keyword_mentioned': None, 'message_length': 39}
2025-09-30 20:32:47 | INFO | Calling SQLite insert_message() with:
2025-09-30 20:32:47 | INFO | message={'message': 'I just shared a trick! It was exciting.', 'author': 'Alice', 'timestamp': '2025-09-30 20:32:45', 'category': 'other', 'sentiment': 0.75, 'keyword_mentioned': None, 'message_length': 39}
2025-09-30 20:32:47 | INFO | db_path=WindowsPath('C:/Users/USER/Documents/44671 Streaming Data/buzzline-05-mcruz/data/buzz.sqlite')
2025-09-30 20:32:47 | INFO | Inserted one message into the database.
2025-09-30 20:32:50 | INFO | {'message': 'I just tried a meme! It was amazing.', 'author': 'Alice', 'timestamp': '2025-09-30 20:32:50', 'category': 'humor', 'sentiment': 0.54, 'keyword_mentioned': 'meme', 'message_length': 36}
2025-09-30 20:32:52 | INFO | Processed message: {'message': 'I just tried a meme! It was amazing.', 'author': 'Alice', 'timestamp': '2025-09-30 20:32:50', 'category': 'humor', 'sentiment': 0.54, 'keyword_mentioned': None, 'message_length': 36}
2025-09-30 20:32:52 | INFO | Calling SQLite insert_message() with:
2025-09-30 20:32:52 | INFO | message={'message': 'I just tried a meme! It was amazing.', 'author': 'Alice', 'timestamp': '2025-09-30 20:32:50', 'category': 'humor', 'sentiment': 0.54, 'keyword_mentioned': None, 'message_length': 36}
2025-09-30 20:32:52 | INFO | db_path=WindowsPath('C:/Users/USER/Documents/44671 Streaming Data/buzzline-05-mcruz/data/buzz.sqlite')
2025-09-30 20:32:52 | INFO | Inserted one message into the database.
2025-09-30 20:32:55 | INFO | {'message': 'I just loved game! It was amazing.', 'author': 'Bob', 'timestamp': '2025-09-30 20:32:55', 'category': 'gaming', 'sentiment': 0.3, 'keyword_mentioned': 'game', 'message_length': 34}
2025-09-30 20:32:57 | INFO | Processed message: {'message': 'I just loved game! It was amazing.', 'author': 'Bob', 'timestamp': '2025-09-30 20:32:55', 'category': 'gaming', 'sentiment': 0.3, 'keyword_mentioned': None, 'message_length': 34}
2025-09-30 20:32:57 | INFO | Calling SQLite insert_message() with:
2025-09-30 20:32:57 | INFO | message={'message': 'I just loved game! It was amazing.', 'author': 'Bob', 'timestamp': '2025-09-30 20:32:55', 'category': 'gaming', 'sentiment': 0.3, 'keyword_mentioned': None, 'message_length': 34}
2025-09-30 20:32:57 | INFO | db_path=WindowsPath('C:/Users/USER/Documents/44671 Streaming Data/buzzline-05-mcruz/data/buzz.sqlite')
2025-09-30 20:32:57 | INFO | Inserted one message into the database.
2025-09-30 20:33:00 | INFO | {'message': 'I just saw Python! It was boring.', 'author': 'Bob', 'timestamp': '2025-09-30 20:33:00', 'category': 'tech', 'sentiment': 0.76, 'keyword_mentioned': 'Python', 'message_length': 33}
2025-09-30 20:33:02 | INFO | Processed message: {'message': 'I just saw Python! It was boring.', 'author': 'Bob', 'timestamp': '2025-09-30 20:33:00', 'category': 'tech', 'sentiment': 0.76, 'keyword_mentioned': 'Python', 'message_length': 33}
2025-09-30 20:33:02 | INFO | Calling SQLite insert_message() with:
2025-09-30 20:33:02 | INFO | message={'message': 'I just saw Python! It was boring.', 'author': 'Bob', 'timestamp': '2025-09-30 20:33:00', 'category': 'tech', 'sentiment': 0.76, 'keyword_mentioned': 'Python', 'message_length': 33}
2025-09-30 20:33:02 | INFO | db_path=WindowsPath('C:/Users/USER/Documents/44671 Streaming Data/buzzline-05-mcruz/data/buzz.sqlite')
2025-09-30 20:33:02 | INFO | Inserted one message into the database.
2025-09-30 20:33:05 | INFO | {'message': 'I just loved travel! It was exciting.', 'author': 'Alice', 'timestamp': '2025-09-30 20:33:05', 'category': 'travel', 'sentiment': 0.88, 'keyword_mentioned': 'travel', 'message_length': 37}
2025-09-30 20:33:07 | INFO | Processed message: {'message': 'I just loved travel! It was exciting.', 'author': 'Alice', 'timestamp': '2025-09-30 20:33:05', 'category': 'travel', 'sentiment': 0.88, 'keyword_mentioned': 'travel', 'message_length': 37}
2025-09-30 20:33:07 | INFO | Calling SQLite insert_message() with:
2025-09-30 20:33:07 | INFO | message={'message': 'I just loved travel! It was exciting.', 'author': 'Alice', 'timestamp': '2025-09-30 20:33:05', 'category': 'travel', 'sentiment': 0.88, 'keyword_mentioned': 'travel', 'message_length': 37}
2025-09-30 20:33:07 | INFO | db_path=WindowsPath('C:/Users/USER/Documents/44671 Streaming Data/buzzline-05-mcruz/data/buzz.sqlite')
2025-09-30 20:33:07 | INFO | Inserted one message into the database.
2025-09-30 20:33:10 | INFO | {'message': 'I just found a trick! It was boring.', 'author': 'Alice', 'timestamp': '2025-09-30 20:33:10', 'category': 'other', 'sentiment': 0.17, 'keyword_mentioned': 'other', 'message_length': 36}
2025-09-30 20:33:12 | INFO | Processed message: {'message': 'I just found a trick! It was boring.', 'author': 'Alice', 'timestamp': '2025-09-30 20:33:10', 'category': 'other', 'sentiment': 0.17, 'keyword_mentioned': None, 'message_length': 36}
2025-09-30 20:33:12 | INFO | Calling SQLite insert_message() with:
2025-09-30 20:33:12 | INFO | message={'message': 'I just found a trick! It was boring.', 'author': 'Alice', 'timestamp': '2025-09-30 20:33:10', 'category': 'other', 'sentiment': 0.17, 'keyword_mentioned': None, 'message_length': 36}
2025-09-30 20:33:12 | INFO | db_path=WindowsPath('C:/Users/USER/Documents/44671 Streaming Data/buzzline-05-mcruz/data/buzz.sqlite')
2025-09-30 20:33:12 | INFO | Inserted one message into the database.
2025-09-30 20:33:15 | INFO | {'message': 'I just saw travel! It was weird.', 'author': 'Alice', 'timestamp': '2025-09-30 20:33:15', 'category': 'travel', 'sentiment': 0.63, 'keyword_mentioned': 'travel', 'message_length': 32}
2025-09-30 20:33:17 | INFO | Processed message: {'message': 'I just saw travel! It was weird.', 'author': 'Alice', 'timestamp': '2025-09-30 20:33:15', 'category': 'travel', 'sentiment': 0.63, 'keyword_mentioned': 'travel', 'message_length': 32}
2025-09-30 20:33:17 | INFO | Calling SQLite insert_message() with:
2025-09-30 20:33:17 | INFO | message={'message': 'I just saw travel! It was weird.', 'author': 'Alice', 'timestamp': '2025-09-30 20:33:15', 'category': 'travel', 'sentiment': 0.63, 'keyword_mentioned': 'travel', 'message_length': 32}
2025-09-30 20:33:17 | INFO | db_path=WindowsPath('C:/Users/USER/Documents/44671 Streaming Data/buzzline-05-mcruz/data/buzz.sqlite')
2025-09-30 20:33:17 | INFO | Inserted one message into the database.
2025-09-30 20:33:20 | INFO | {'message': 'I just loved a trick! It was weird.', 'author': 'Charlie', 'timestamp': '2025-09-30 20:33:20', 'category': 'other', 'sentiment': 0.24, 'keyword_mentioned': 'other', 'message_length': 35}
2025-09-30 20:33:22 | INFO | Processed message: {'message': 'I just loved a trick! It was weird.', 'author': 'Charlie', 'timestamp': '2025-09-30 20:33:20', 'category': 'other', 'sentiment': 0.24, 'keyword_mentioned': None, 'message_length': 35}
2025-09-30 20:33:22 | INFO | Calling SQLite insert_message() with:
2025-09-30 20:33:22 | INFO | message={'message': 'I just loved a trick! It was weird.', 'author': 'Charlie', 'timestamp': '2025-09-30 20:33:20', 'category': 'other', 'sentiment': 0.24, 'keyword_mentioned': None, 'message_length': 35}
2025-09-30 20:33:22 | INFO | db_path=WindowsPath('C:/Users/USER/Documents/44671 Streaming Data/buzzline-05-mcruz/data/buzz.sqlite')
2025-09-30 20:33:22 | INFO | Inserted one message into the database.
2025-09-30 20:33:25 | INFO | {'message': 'I just saw Python! It was weird.', 'author': 'Charlie', 'timestamp': '2025-09-30 20:33:25', 'category': 'tech', 'sentiment': 0.68, 'keyword_mentioned': 'Python', 'message_length': 32}
2025-09-30 20:33:27 | INFO | Processed message: {'message': 'I just saw Python! It was weird.', 'author': 'Charlie', 'timestamp': '2025-09-30 20:33:25', 'category': 'tech', 'sentiment': 0.68, 'keyword_mentioned': 'Python', 'message_length': 32}
2025-09-30 20:33:27 | INFO | Calling SQLite insert_message() with:
2025-09-30 20:33:27 | INFO | message={'message': 'I just saw Python! It was weird.', 'author': 'Charlie', 'timestamp': '2025-09-30 20:33:25', 'category': 'tech', 'sentiment': 0.68, 'keyword_mentioned': 'Python', 'message_length': 32}
2025-09-30 20:33:27 | INFO | db_path=WindowsPath('C:/Users/USER/Documents/44671 Streaming Data/buzzline-05-mcruz/data/buzz.sqlite')
2025-09-30 20:33:27 | INFO | Inserted one message into the database.
2025-09-30 20:33:30 | INFO | {'message': 'I just loved a movie! It was funny.', 'author': 'Charlie', 'timestamp': '2025-09-30 20:33:30', 'category': 'entertainment', 'sentiment': 0.72, 'keyword_mentioned': 'movie', 'message_length': 35}
2025-09-30 20:33:32 | INFO | Processed message: {'message': 'I just loved a movie! It was funny.', 'author': 'Charlie', 'timestamp': '2025-09-30 20:33:30', 'category': 'entertainment', 'sentiment': 0.72, 'keyword_mentioned': None, 'message_length': 35}
2025-09-30 20:33:32 | INFO | Calling SQLite insert_message() with:
2025-09-30 20:33:32 | INFO | message={'message': 'I just loved a movie! It was funny.', 'author': 'Charlie', 'timestamp': '2025-09-30 20:33:30', 'category': 'entertainment', 'sentiment': 0.72, 'keyword_mentioned': None, 'message_length': 35}
2025-09-30 20:33:32 | INFO | db_path=WindowsPath('C:/Users/USER/Documents/44671 Streaming Data/buzzline-05-mcruz/data/buzz.sqlite')
2025-09-30 20:33:32 | INFO | Inserted one message into the database.
2025-09-30 20:33:35 | INFO | {'message': 'I just tried a story! It was boring.', 'author': 'Bob', 'timestamp': '2025-09-30 20:33:35', 'category': 'other', 'sentiment': 0.3, 'keyword_mentioned': 'other', 'message_length': 36}
2025-09-30 20:33:37 | INFO | Processed message: {'message': 'I just tried a story! It was boring.', 'author': 'Bob', 'timestamp': '2025-09-30 20:33:35', 'category': 'other', 'sentiment': 0.3, 'keyword_mentioned': None, 'message_length': 36}
2025-09-30 20:33:37 | INFO | Calling SQLite insert_message() with:
2025-09-30 20:33:37 | INFO | message={'message': 'I just tried a story! It was boring.', 'author': 'Bob', 'timestamp': '2025-09-30 20:33:35', 'category': 'other', 'sentiment': 0.3, 'keyword_mentioned': None, 'message_length': 36}
2025-09-30 20:33:37 | INFO | db_path=WindowsPath('C:/Users/USER/Documents/44671 Streaming Data/buzzline-05-mcruz/data/buzz.sqlite')
2025-09-30 20:33:37 | INFO | Inserted one message into the database.
2025-09-30 20:33:40 | INFO | {'message': 'I just shared a movie! It was amazing.', 'author': 'Alice', 'timestamp': '2025-09-30 20:33:40', 'category': 'entertainment', 'sentiment': 0.94, 'keyword_mentioned': 'movie', 'message_length': 38}
2025-09-30 20:33:42 | INFO | Processed message: {'message': 'I just shared a movie! It was amazing.', 'author': 'Alice', 'timestamp': '2025-09-30 20:33:40', 'category': 'entertainment', 'sentiment': 0.94, 'keyword_mentioned': None, 'message_length': 38}
2025-09-30 20:33:42 | INFO | Calling SQLite insert_message() with:
2025-09-30 20:33:42 | INFO | message={'message': 'I just shared a movie! It was amazing.', 'author': 'Alice', 'timestamp': '2025-09-30 20:33:40', 'category': 'entertainment', 'sentiment': 0.94, 'keyword_mentioned': None, 'message_length': 38}
2025-09-30 20:33:42 | INFO | db_path=WindowsPath('C:/Users/USER/Documents/44671 Streaming Data/buzzline-05-mcruz/data/buzz.sqlite')
2025-09-30 20:33:42 | INFO | Inserted one message into the database.
2025-09-30 20:33:45 | INFO | {'message': 'I just loved game! It was funny.', 'author': 'Charlie', 'timestamp': '2025-09-30 20:33:45', 'category': 'gaming', 'sentiment': 0.47, 'keyword_mentioned': 'game', 'message_length': 32}
2025-09-30 20:33:47 | INFO | Processed message: {'message': 'I just loved game! It was funny.', 'author': 'Charlie', 'timestamp': '2025-09-30 20:33:45', 'category': 'gaming', 'sentiment': 0.47, 'keyword_mentioned': None, 'message_length': 32}
2025-09-30 20:33:47 | INFO | Calling SQLite insert_message() with:
2025-09-30 20:33:47 | INFO | message={'message': 'I just loved game! It was funny.', 'author': 'Charlie', 'timestamp': '2025-09-30 20:33:45', 'category': 'gaming', 'sentiment': 0.47, 'keyword_mentioned': None, 'message_length': 32}
2025-09-30 20:33:47 | INFO | db_path=WindowsPath('C:/Users/USER/Documents/44671 Streaming Data/buzzline-05-mcruz/data/buzz.sqlite')
2025-09-30 20:33:47 | INFO | Inserted one message into the database.
2025-09-30 20:33:50 | INFO | {'message': 'I just loved a movie! It was boring.', 'author': 'Eve', 'timestamp': '2025-09-30 20:33:50', 'category': 'entertainment', 'sentiment': 0.33, 'keyword_mentioned': 'movie', 'message_length': 36}
2025-09-30 20:33:52 | INFO | Processed message: {'message': 'I just loved a movie! It was boring.', 'author': 'Eve', 'timestamp': '2025-09-30 20:33:50', 'category': 'entertainment', 'sentiment': 0.33, 'keyword_mentioned': None, 'message_length': 36}
2025-09-30 20:33:52 | INFO | Calling SQLite insert_message() with:
2025-09-30 20:33:52 | INFO | message={'message': 'I just loved a movie! It was boring.', 'author': 'Eve', 'timestamp': '2025-09-30 20:33:50', 'category': 'entertainment', 'sentiment': 0.33, 'keyword_mentioned': None, 'message_length': 36}
2025-09-30 20:33:52 | INFO | db_path=WindowsPath('C:/Users/USER/Documents/44671 Streaming Data/buzzline-05-mcruz/data/buzz.sqlite')
2025-09-30 20:33:52 | INFO | Inserted one message into the database.
2025-09-30 20:33:55 | INFO | {'message': 'I just tried travel! It was weird.', 'author': 'Eve', 'timestamp': '2025-09-30 20:33:55', 'category': 'travel', 'sentiment': 0.78, 'keyword_mentioned': 'travel', 'message_length': 34}
2025-09-30 20:33:57 | INFO | Processed message: {'message': 'I just tried travel! It was weird.', 'author': 'Eve', 'timestamp': '2025-09-30 20:33:55', 'category': 'travel', 'sentiment': 0.78, 'keyword_mentioned': 'travel', 'message_length': 34}
2025-09-30 20:33:57 | INFO | Calling SQLite insert_message() with:
2025-09-30 20:33:57 | INFO | message={'message': 'I just tried travel! It was weird.', 'author': 'Eve', 'timestamp': '2025-09-30 20:33:55', 'category': 'travel', 'sentiment': 0.78, 'keyword_mentioned': 'travel', 'message_length': 34}
2025-09-30 20:33:57 | INFO | db_path=WindowsPath('C:/Users/USER/Documents/44671 Streaming Data/buzzline-05-mcruz/data/buzz.sqlite')
2025-09-30 20:33:57 | INFO | Inserted one message into the database.
2025-09-30 20:34:01 | INFO | {'message': 'I just tried travel! It was exciting.', 'author': 'Eve', 'timestamp': '2025-09-30 20:34:01', 'category': 'travel', 'sentiment': 0.9, 'keyword_mentioned': 'travel', 'message_length': 37}
2025-09-30 20:34:02 | INFO | Processed message: {'message': 'I just tried travel! It was exciting.', 'author': 'Eve', 'timestamp': '2025-09-30 20:34:01', 'category': 'travel', 'sentiment': 0.9, 'keyword_mentioned': 'travel', 'message_length': 37}
2025-09-30 20:34:02 | INFO | Calling SQLite insert_message() with:
2025-09-30 20:34:02 | INFO | message={'message': 'I just tried travel! It was exciting.', 'author': 'Eve', 'timestamp': '2025-09-30 20:34:01', 'category': 'travel', 'sentiment': 0.9, 'keyword_mentioned': 'travel', 'message_length': 37}
2025-09-30 20:34:02 | INFO | db_path=WindowsPath('C:/Users/USER/Documents/44671 Streaming Data/buzzline-05-mcruz/data/buzz.sqlite')
2025-09-30 20:34:02 | INFO | Inserted one message into the database.
2025-09-30 20:34:06 | INFO | {'message': 'I just found an app! It was boring.', 'author': 'Bob', 'timestamp': '2025-09-30 20:34:06', 'category': 'other', 'sentiment': 0.04, 'keyword_mentioned': 'other', 'message_length': 35}
2025-09-30 20:34:07 | INFO | Processed message: {'message': 'I just found an app! It was boring.', 'author': 'Bob', 'timestamp': '2025-09-30 20:34:06', 'category': 'other', 'sentiment': 0.04, 'keyword_mentioned': None, 'message_length': 35}
2025-09-30 20:34:07 | INFO | Calling SQLite insert_message() with:
2025-09-30 20:34:07 | INFO | message={'message': 'I just found an app! It was boring.', 'author': 'Bob', 'timestamp': '2025-09-30 20:34:06', 'category': 'other', 'sentiment': 0.04, 'keyword_mentioned': None, 'message_length': 35}
2025-09-30 20:34:07 | INFO | db_path=WindowsPath('C:/Users/USER/Documents/44671 Streaming Data/buzzline-05-mcruz/data/buzz.sqlite')
2025-09-30 20:34:07 | INFO | Inserted one message into the database.
2025-09-30 20:34:11 | INFO | {'message': 'I just found game! It was funny.', 'author': 'Charlie', 'timestamp': '2025-09-30 20:34:11', 'category': 'gaming', 'sentiment': 0.86, 'keyword_mentioned': 'game', 'message_length': 32}
2025-09-30 20:34:12 | INFO | Processed message: {'message': 'I just found game! It was funny.', 'author': 'Charlie', 'timestamp': '2025-09-30 20:34:11', 'category': 'gaming', 'sentiment': 0.86, 'keyword_mentioned': None, 'message_length': 32}
2025-09-30 20:34:12 | INFO | Calling SQLite insert_message() with:
2025-09-30 20:34:12 | INFO | message={'message': 'I just found game! It was funny.', 'author': 'Charlie', 'timestamp': '2025-09-30 20:34:11', 'category': 'gaming', 'sentiment': 0.86, 'keyword_mentioned': None, 'message_length': 32}
2025-09-30 20:34:12 | INFO | db_path=WindowsPath('C:/Users/USER/Documents/44671 Streaming Data/buzzline-05-mcruz/data/buzz.sqlite')
2025-09-30 20:34:12 | INFO | Inserted one message into the database.
2025-09-30 20:34:16 | INFO | {'message': 'I just saw a movie! It was weird.', 'author': 'Bob', 'timestamp': '2025-09-30 20:34:16', 'category': 'entertainment', 'sentiment': 0.94, 'keyword_mentioned': 'movie', 'message_length': 33}
2025-09-30 20:34:17 | INFO | Processed message: {'message': 'I just saw a movie! It was weird.', 'author': 'Bob', 'timestamp': '2025-09-30 20:34:16', 'category': 'entertainment', 'sentiment': 0.94, 'keyword_mentioned': None, 'message_length': 33}
2025-09-30 20:34:17 | INFO | Calling SQLite insert_message() with:
2025-09-30 20:34:17 | INFO | message={'message': 'I just saw a movie! It was weird.', 'author': 'Bob', 'timestamp': '2025-09-30 20:34:16', 'category': 'entertainment', 'sentiment': 0.94, 'keyword_mentioned': None, 'message_length': 33}
2025-09-30 20:34:17 | INFO | db_path=WindowsPath('C:/Users/USER/Documents/44671 Streaming Data/buzzline-05-mcruz/data/buzz.sqlite')
2025-09-30 20:34:17 | INFO | Inserted one message into the database.
2025-09-30 20:34:21 | INFO | {'message': 'I just found an app! It was amazing.', 'author': 'Eve', 'timestamp': '2025-09-30 20:34:21', 'category': 'other', 'sentiment': 0.55, 'keyword_mentioned': 'other', 'message_length': 36}
2025-09-30 20:34:22 | INFO | Processed message: {'message': 'I just found an app! It was amazing.', 'author': 'Eve', 'timestamp': '2025-09-30 20:34:21', 'category': 'other', 'sentiment': 0.55, 'keyword_mentioned': None, 'message_length': 36}
2025-09-30 20:34:22 | INFO | Calling SQLite insert_message() with:
2025-09-30 20:34:22 | INFO | message={'message': 'I just found an app! It was amazing.', 'author': 'Eve', 'timestamp': '2025-09-30 20:34:21', 'category': 'other', 'sentiment': 0.55, 'keyword_mentioned': None, 'message_length': 36}
2025-09-30 20:34:22 | INFO | db_path=WindowsPath('C:/Users/USER/Documents/44671 Streaming Data/buzzline-05-mcruz/data/buzz.sqlite')
2025-09-30 20:34:22 | INFO | Inserted one message into the database.
2025-09-30 20:34:26 | INFO | {'message': 'I just saw game! It was funny.', 'author': 'Bob', 'timestamp': '2025-09-30 20:34:26', 'category': 'gaming', 'sentiment': 0.68, 'keyword_mentioned': 'game', 'message_length': 30}
2025-09-30 20:34:27 | INFO | Processed message: {'message': 'I just saw game! It was funny.', 'author': 'Bob', 'timestamp': '2025-09-30 20:34:26', 'category': 'gaming', 'sentiment': 0.68, 'keyword_mentioned': None, 'message_length': 30}
2025-09-30 20:34:27 | INFO | Calling SQLite insert_message() with:
2025-09-30 20:34:27 | INFO | message={'message': 'I just saw game! It was funny.', 'author': 'Bob', 'timestamp': '2025-09-30 20:34:26', 'category': 'gaming', 'sentiment': 0.68, 'keyword_mentioned': None, 'message_length': 30}
2025-09-30 20:34:27 | INFO | db_path=WindowsPath('C:/Users/USER/Documents/44671 Streaming Data/buzzline-05-mcruz/data/buzz.sqlite')
2025-09-30 20:34:27 | INFO | Inserted one message into the database.
2025-09-30 20:34:31 | INFO | {'message': 'I just saw game! It was boring.', 'author': 'Eve', 'timestamp': '2025-09-30 20:34:31', 'category': 'gaming', 'sentiment': 0.82, 'keyword_mentioned': 'game', 'message_length': 31}
2025-09-30 20:34:32 | INFO | Processed message: {'message': 'I just saw game! It was boring.', 'author': 'Eve', 'timestamp': '2025-09-30 20:34:31', 'category': 'gaming', 'sentiment': 0.82, 'keyword_mentioned': None, 'message_length': 31}
2025-09-30 20:34:32 | INFO | Calling SQLite insert_message() with:
2025-09-30 20:34:32 | INFO | message={'message': 'I just saw game! It was boring.', 'author': 'Eve', 'timestamp': '2025-09-30 20:34:31', 'category': 'gaming', 'sentiment': 0.82, 'keyword_mentioned': None, 'message_length': 31}
2025-09-30 20:34:32 | INFO | db_path=WindowsPath('C:/Users/USER/Documents/44671 Streaming Data/buzzline-05-mcruz/data/buzz.sqlite')
2025-09-30 20:34:32 | INFO | Inserted one message into the database.
2025-09-30 20:34:36 | INFO | {'message': 'I just loved Python! It was amazing.', 'author': 'Alice', 'timestamp': '2025-09-30 20:34:36', 'category': 'tech', 'sentiment': 0.59, 'keyword_mentioned': 'Python', 'message_length': 36}
2025-09-30 20:34:37 | INFO | Processed message: {'message': 'I just loved Python! It was amazing.', 'author': 'Alice', 'timestamp': '2025-09-30 20:34:36', 'category': 'tech', 'sentiment': 0.59, 'keyword_mentioned': 'Python', 'message_length': 36}
2025-09-30 20:34:37 | INFO | Calling SQLite insert_message() with:
2025-09-30 20:34:37 | INFO | message={'message': 'I just loved Python! It was amazing.', 'author': 'Alice', 'timestamp': '2025-09-30 20:34:36', 'category': 'tech', 'sentiment': 0.59, 'keyword_mentioned': 'Python', 'message_length': 36}
2025-09-30 20:34:37 | INFO | db_path=WindowsPath('C:/Users/USER/Documents/44671 Streaming Data/buzzline-05-mcruz/data/buzz.sqlite')
2025-09-30 20:34:37 | INFO | Inserted one message into the database.
2025-09-30 20:34:41 | INFO | {'message': 'I just tried Python! It was weird.', 'author': 'Alice', 'timestamp': '2025-09-30 20:34:41', 'category': 'tech', 'sentiment': 0.8, 'keyword_mentioned': 'Python', 'message_length': 34}
2025-09-30 20:34:42 | INFO | Processed message: {'message': 'I just tried Python! It was weird.', 'author': 'Alice', 'timestamp': '2025-09-30 20:34:41', 'category': 'tech', 'sentiment': 0.8, 'keyword_mentioned': 'Python', 'message_length': 34}
2025-09-30 20:34:42 | INFO | Calling SQLite insert_message() with:
2025-09-30 20:34:42 | INFO | message={'message': 'I just tried Python! It was weird.', 'author': 'Alice', 'timestamp': '2025-09-30 20:34:41', 'category': 'tech', 'sentiment': 0.8, 'keyword_mentioned': 'Python', 'message_length': 34}
2025-09-30 20:34:42 | INFO | db_path=WindowsPath('C:/Users/USER/Documents/44671 Streaming Data/buzzline-05-mcruz/data/buzz.sqlite')
2025-09-30 20:34:42 | INFO | Inserted one message into the database.
2025-09-30 20:34:46 | INFO | {'message': 'I just found JavaScript! It was funny.', 'author': 'Bob', 'timestamp': '2025-09-30 20:34:46', 'category': 'tech', 'sentiment': 0.3, 'keyword_mentioned': 'JavaScript', 'message_length': 38}
2025-09-30 20:34:47 | INFO | Processed message: {'message': 'I just found JavaScript! It was funny.', 'author': 'Bob', 'timestamp': '2025-09-30 20:34:46', 'category': 'tech', 'sentiment': 0.3, 'keyword_mentioned': 'JavaScript', 'message_length': 38}
2025-09-30 20:34:47 | INFO | Calling SQLite insert_message() with:
2025-09-30 20:34:47 | INFO | message={'message': 'I just found JavaScript! It was funny.', 'author': 'Bob', 'timestamp': '2025-09-30 20:34:46', 'category': 'tech', 'sentiment': 0.3, 'keyword_mentioned': 'JavaScript', 'message_length': 38}
2025-09-30 20:34:47 | INFO | db_path=WindowsPath('C:/Users/USER/Documents/44671 Streaming Data/buzzline-05-mcruz/data/buzz.sqlite')
2025-09-30 20:34:47 | INFO | Inserted one message into the database.
2025-09-30 20:34:51 | INFO | {'message': 'I just tried travel! It was amazing.', 'author': 'Bob', 'timestamp': '2025-09-30 20:34:51', 'category': 'travel', 'sentiment': 0.47, 'keyword_mentioned': 'travel', 'message_length': 36}
2025-09-30 20:34:52 | INFO | Processed message: {'message': 'I just tried travel! It was amazing.', 'author': 'Bob', 'timestamp': '2025-09-30 20:34:51', 'category': 'travel', 'sentiment': 0.47, 'keyword_mentioned': 'travel', 'message_length': 36}
2025-09-30 20:34:52 | INFO | Calling SQLite insert_message() with:
2025-09-30 20:34:52 | INFO | message={'message': 'I just tried travel! It was amazing.', 'author': 'Bob', 'timestamp': '2025-09-30 20:34:51', 'category': 'travel', 'sentiment': 0.47, 'keyword_mentioned': 'travel', 'message_length': 36}
2025-09-30 20:34:52 | INFO | db_path=WindowsPath('C:/Users/USER/Documents/44671 Streaming Data/buzzline-05-mcruz/data/buzz.sqlite')
2025-09-30 20:34:53 | INFO | Inserted one message into the database.
2025-09-30 20:34:56 | INFO | {'message': 'I just found Python! It was amazing.', 'author': 'Bob', 'timestamp': '2025-09-30 20:34:56', 'category': 'tech', 'sentiment': 0.31, 'keyword_mentioned': 'Python', 'message_length': 36}
2025-09-30 20:34:58 | INFO | Processed message: {'message': 'I just found Python! It was amazing.', 'author': 'Bob', 'timestamp': '2025-09-30 20:34:56', 'category': 'tech', 'sentiment': 0.31, 'keyword_mentioned': 'Python', 'message_length': 36}
2025-09-30 20:34:58 | INFO | Calling SQLite insert_message() with:
2025-09-30 20:34:58 | INFO | message={'message': 'I just found Python! It was amazing.', 'author': 'Bob', 'timestamp': '2025-09-30 20:34:56', 'category': 'tech', 'sentiment': 0.31, 'keyword_mentioned': 'Python', 'message_length': 36}
2025-09-30 20:34:58 | INFO | db_path=WindowsPath('C:/Users/USER/Documents/44671 Streaming Data/buzzline-05-mcruz/data/buzz.sqlite')
2025-09-30 20:34:58 | INFO | Inserted one message into the database.
2025-09-30 20:35:01 | INFO | {'message': 'I just tried Python! It was exciting.', 'author': 'Charlie', 'timestamp': '2025-09-30 20:35:01', 'category': 'tech', 'sentiment': 0.86, 'keyword_mentioned': 'Python', 'message_length': 37}
2025-09-30 20:35:03 | INFO | Processed message: {'message': 'I just tried Python! It was exciting.', 'author': 'Charlie', 'timestamp': '2025-09-30 20:35:01', 'category': 'tech', 'sentiment': 0.86, 'keyword_mentioned': 'Python', 'message_length': 37}
2025-09-30 20:35:03 | INFO | Calling SQLite insert_message() with:
2025-09-30 20:35:03 | INFO | message={'message': 'I just tried Python! It was exciting.', 'author': 'Charlie', 'timestamp': '2025-09-30 20:35:01', 'category': 'tech', 'sentiment': 0.86, 'keyword_mentioned': 'Python', 'message_length': 37}
2025-09-30 20:35:03 | INFO | db_path=WindowsPath('C:/Users/USER/Documents/44671 Streaming Data/buzzline-05-mcruz/data/buzz.sqlite')
2025-09-30 20:35:03 | INFO | Inserted one message into the database.
2025-09-30 20:35:06 | INFO | {'message': 'I just shared game! It was weird.', 'author': 'Alice', 'timestamp': '2025-09-30 20:35:06', 'category': 'gaming', 'sentiment': 0.43, 'keyword_mentioned': 'game', 'message_length': 33}
2025-09-30 20:35:08 | INFO | Processed message: {'message': 'I just shared game! It was weird.', 'author': 'Alice', 'timestamp': '2025-09-30 20:35:06', 'category': 'gaming', 'sentiment': 0.43, 'keyword_mentioned': None, 'message_length': 33}
2025-09-30 20:35:08 | INFO | Calling SQLite insert_message() with:
2025-09-30 20:35:08 | INFO | message={'message': 'I just shared game! It was weird.', 'author': 'Alice', 'timestamp': '2025-09-30 20:35:06', 'category': 'gaming', 'sentiment': 0.43, 'keyword_mentioned': None, 'message_length': 33}
2025-09-30 20:35:08 | INFO | db_path=WindowsPath('C:/Users/USER/Documents/44671 Streaming Data/buzzline-05-mcruz/data/buzz.sqlite')
2025-09-30 20:35:08 | INFO | Inserted one message into the database.
2025-09-30 20:35:11 | INFO | {'message': 'I just loved a trick! It was funny.', 'author': 'Alice', 'timestamp': '2025-09-30 20:35:11', 'category': 'other', 'sentiment': 0.47, 'keyword_mentioned': 'other', 'message_length': 35}
2025-09-30 20:35:13 | INFO | Processed message: {'message': 'I just loved a trick! It was funny.', 'author': 'Alice', 'timestamp': '2025-09-30 20:35:11', 'category': 'other', 'sentiment': 0.47, 'keyword_mentioned': None, 'message_length': 35}
2025-09-30 20:35:13 | INFO | Calling SQLite insert_message() with:
2025-09-30 20:35:13 | INFO | message={'message': 'I just loved a trick! It was funny.', 'author': 'Alice', 'timestamp': '2025-09-30 20:35:11', 'category': 'other', 'sentiment': 0.47, 'keyword_mentioned': None, 'message_length': 35}
2025-09-30 20:35:13 | INFO | db_path=WindowsPath('C:/Users/USER/Documents/44671 Streaming Data/buzzline-05-mcruz/data/buzz.sqlite')
2025-09-30 20:35:13 | INFO | Inserted one message into the database.
2025-09-30 20:35:16 | INFO | {'message': 'I just saw a trick! It was weird.', 'author': 'Charlie', 'timestamp': '2025-09-30 20:35:16', 'category': 'other', 'sentiment': 0.19, 'keyword_mentioned': 'other', 'message_length': 33}
2025-09-30 20:35:18 | INFO | Processed message: {'message': 'I just saw a trick! It was weird.', 'author': 'Charlie', 'timestamp': '2025-09-30 20:35:16', 'category': 'other', 'sentiment': 0.19, 'keyword_mentioned': None, 'message_length': 33}
2025-09-30 20:35:18 | INFO | Calling SQLite insert_message() with:
2025-09-30 20:35:18 | INFO | message={'message': 'I just saw a trick! It was weird.', 'author': 'Charlie', 'timestamp': '2025-09-30 20:35:16', 'category': 'other', 'sentiment': 0.19, 'keyword_mentioned': None, 'message_length': 33}
2025-09-30 20:35:18 | INFO | db_path=WindowsPath('C:/Users/USER/Documents/44671 Streaming Data/buzzline-05-mcruz/data/buzz.sqlite')
2025-09-30 20:35:18 | INFO | Inserted one message into the database.
